Configuration:
  brand_map:        5 entries  [('longDistance', '63'), ('regionalRail', '92'), ('nightRail', '101')]
  facility_map:     14 entries  [('premiumClass', 'F4'), ('secondClass', 'F5'), ('singleSleeper', 'F11')]
  service_mode_map: 3 entries  [('bus', '32'), ('rail', '37'), ('taxi', '34')]
  legacy_upload_parity: False

Loading station index from nsr_railstations_with_mct.xml ...
  792 quays indexed   [  0.02s]

Found 6 timetable ZIPs:
  flb_2024-12-05T14_37_53.106.zip
  gjb_2024-12-05T14_37_47.039.zip
  goa_2026-04-09T13_59_39.191.zip
  nsb_2024-12-05T14_38_22.646.zip
  sjn_2026-04-16T10_24_04.444.zip
  vyg_2026-04-20T08_39_27.021.zip
Originator 'ENTUR' -> RICS '1176'

--- Processing flb_2024-12-05T14_37_53.106.zip (FLB) ---
  9 SSP->Quay | 18 StopPointsInJP | 80 DSJs   [parse   0.00s]
  1 ServiceFacilitySets resolved   [  0.00s]
Converted 9 trains, 81 stop-times (0 stops without UIC, 18 with restrictions)
  9 trains, 81 passage-or-record entries   [build   0.00s]
  9 ODI records so far
  operator total   0.01s

--- Processing gjb_2024-12-05T14_37_47.039.zip (GJB) ---
  35 SSP->Quay | 591 StopPointsInJP | 600 DSJs   [parse   0.02s]
  2 ServiceFacilitySets resolved   [  0.00s]
Converted 105 trains, 1597 stop-times (0 stops without UIC, 210 with restrictions)
  105 trains, 1597 passage-or-record entries   [build   0.01s]
  48 ODI records so far
  operator total   0.03s

--- Processing goa_2026-04-09T13_59_39.191.zip (GOA) ---
  160 SSP->Quay | 3470 StopPointsInJP | 17821 DSJs   [parse   0.39s]
Converted 473 trains, 7416 stop-times (3422 stops without UIC, 1639 with restrictions, 1014 trains skipped (<2 valid stops))
  Skipped by TransportMode: bus=1014
  473 trains, 7416 passage-or-record entries   [build   0.10s]
  206 ODI records so far
  operator total   0.53s

--- Processing nsb_2024-12-05T14_38_22.646.zip (NSB) ---
  300 SSP->Quay | 8757 StopPointsInJP | 7721 DSJs   [parse   0.94s]
  32 ServiceFacilitySets resolved   [  0.01s]
Converted 1644 trains, 26658 stop-times (364 stops without UIC, 3296 with restrictions, 39 trains skipped (<2 valid stops))
  Skipped by TransportMode: bus=39
  1644 trains, 26658 passage-or-record entries   [build   0.12s]
  1336 ODI records so far
  operator total   1.12s

--- Processing sjn_2026-04-16T10_24_04.444.zip (SJN) ---
  291 SSP->Quay | 7594 StopPointsInJP | 28792 DSJs   [parse   1.18s]
  1 ServiceFacilitySets resolved   [  0.01s]
Converted 1140 trains, 20301 stop-times (6840 stops without UIC, 2762 with restrictions, 1013 trains skipped (<2 valid stops))
  Skipped by TransportMode: bus=1013
  1140 trains, 20301 passage-or-record entries   [build   0.16s]
  1628 ODI records so far
  operator total   1.42s

--- Processing vyg_2026-04-20T08_39_27.021.zip (VYG) ---
  614 SSP->Quay | 23945 StopPointsInJP | 136364 DSJs   [parse   4.82s]
  49 ServiceFacilitySets resolved   [  0.07s]
Converted 7291 trains, 96113 stop-times (17150 stops without UIC, 14984 with restrictions, 4475 trains skipped (<2 valid stops))
  Skipped by TransportMode: bus=4469, rail=6
  WARNING: 6 rail journey(s) skipped due to <2 UIC-resolvable stops:
    train#     387  1/6 stops with UIC  (VYG:ServiceJourney:387_494259-R)
    train#     387  1/6 stops with UIC  (VYG:ServiceJourney:387-GTB_561062-R)
    train#     390  1/6 stops with UIC  (VYG:ServiceJourney:390_505685-R)
    train#     390  1/6 stops with UIC  (VYG:ServiceJourney:390-M_561064-R)
    train#     391  1/6 stops with UIC  (VYG:ServiceJourney:391_507206-R)
    train#     394  1/6 stops with UIC  (VYG:ServiceJourney:394_512329-R)
  7291 trains, 96113 passage-or-record entries   [build   1.63s]
  7593 ODI records so far
  operator total   6.81s

Total: 10662 trains, 152166 PORs, 7593 ODIs

Written SKDUPD EDIFACT to NEW_SKDUPD\new_SKDUPD_batch.r
  File size: 5,877,991 bytes
Written SKDUPD ZIP to NEW_SKDUPD\SKDUPD_1777893284.zip (400,802 bytes)

=== Timing summary ===
  station_index    :    0.02s
  edifact_load     :    1.54s
  edifact_serialize:    0.01s
  write_file       :    0.02s

  Per-operator breakdown:
  op      size_MB   parse  sj_list    sfs   build     odi   total
  FLB        0.02    0.00     0.00   0.00    0.00    0.00    0.01
  GJB        0.07    0.02     0.00   0.00    0.01    0.00    0.03
  GOA        0.64    0.39     0.01   0.01    0.10    0.00    0.53
  NSB        0.83    0.94     0.01   0.01    0.12    0.02    1.12
  SJN        1.24    1.18     0.01   0.01    0.16    0.01    1.42
  VYG        5.42    4.82     0.07   0.07    1.63    0.07    6.81
  TOTAL                                                      9.90
